<?xml version="1.0" encoding="UTF-8"?>
<!-- Generated by org.testng.reporters.JUnitReportReporter -->
<testsuite hostname="PC200" name="com.example.tests.ContactCreationTests" tests="2" failures="0" timestamp="12 Dec 2015 09:58:08 GMT" time="2.318" errors="0">
  <testcase name="testEmptyGroupCreation" time="1.191" classname="com.example.tests.ContactCreationTests"/>
  <testcase name="testNonEmptyGroupCreation" time="1.127" classname="com.example.tests.ContactCreationTests"/>
</testsuite> <!-- com.example.tests.ContactCreationTests -->
