<?xml version="1.0" encoding="UTF-8"?>
<!-- Generated by org.testng.reporters.JUnitReportReporter -->
<testsuite hostname="PC200" name="com.example.tests.ContactCreationTests" tests="1" failures="0" timestamp="12 Dec 2015 11:28:45 GMT" time="2.880" errors="0">
  <testcase name="testNewContactCreation" time="2.880" classname="com.example.tests.ContactCreationTests"/>
</testsuite> <!-- com.example.tests.ContactCreationTests -->
