<?xml version="1.0" encoding="UTF-8"?>
<!-- Generated by org.testng.reporters.JUnitReportReporter -->
<testsuite hostname="PC200" name="com.example.tests.GroupCreationTests" tests="2" failures="0" timestamp="12 Dec 2015 09:58:08 GMT" time="2.634" errors="0">
  <testcase name="testEmptyGroupCreation" time="1.368" classname="com.example.tests.GroupCreationTests"/>
  <testcase name="testNonEmptyGroupCreation" time="1.266" classname="com.example.tests.GroupCreationTests"/>
</testsuite> <!-- com.example.tests.GroupCreationTests -->
